<?xml version="1.0" encoding="UTF-8"?>
<!-- Generated by org.testng.reporters.JUnitXMLReporter -->
<testsuite hostname="DESKTOP-5JE41TC" ignored="6" name="All" tests="2" failures="0" timestamp="2021-01-14T11:26:50 IST" time="67.893" errors="0">
  <testcase name="GoToUrlPositiveEnterEmailNegativeEnterPassword2" time="6.137" classname="tests.FullScenario_DefaultProfile"/>
  <testcase name="GoToUrlPositiveEnterEmailPositiveEnterPasswordClickLoginGoToUrlClickSamsungSeries9NP900X4CPrem1" time="33.676" classname="tests.FullScenario_DefaultProfile"/>
  <testcase name="@AfterSuite closeReporter" time="0.0" classname="tests.TestBase">
    <ignored/>
  </testcase> <!-- @AfterSuite closeReporter -->
  <testcase name="@AfterSuite closeReporter" time="0.0" classname="tests.TestBase">
    <ignored/>
  </testcase> <!-- @AfterSuite closeReporter -->
  <testcase name="@BeforeSuite setupReporter" time="0.0" classname="tests.TestBase">
    <ignored/>
  </testcase> <!-- @BeforeSuite setupReporter -->
  <testcase name="@BeforeSuite setupReporter" time="0.0" classname="tests.TestBase">
    <ignored/>
  </testcase> <!-- @BeforeSuite setupReporter -->
  <testcase name="@BeforeSuite allocateData" time="0.0" classname="tests.TestBase">
    <ignored/>
  </testcase> <!-- @BeforeSuite allocateData -->
  <testcase name="@BeforeSuite allocateData" time="0.0" classname="tests.TestBase">
    <ignored/>
  </testcase> <!-- @BeforeSuite allocateData -->
</testsuite> <!-- All -->
