<?xml version="1.0" encoding="UTF-8"?>
<!-- Generated by org.testng.reporters.JUnitXMLReporter -->
<testsuite hostname="DESKTOP-5JE41TC" ignored="0" name="Surefire test" tests="2" failures="0" timestamp="2021-01-14T12:09:17 IST" time="61.56" errors="0">
  <testcase name="GoToUrlPositiveEnterEmailNegativeEnterPassword2" time="5.093" classname="tests.FullScenario_DefaultProfile"/>
  <testcase name="GoToUrlPositiveEnterEmailPositiveEnterPasswordClickLoginGoToUrlClickSamsungSeries9NP900X4CPrem1" time="28.141" classname="tests.FullScenario_DefaultProfile"/>
</testsuite> <!-- Surefire test -->
