<?xml version="1.0" encoding="UTF-8"?>
<testsuite xmlns:xsi="http://www.w3.org/2001/XMLSchema-instance" xsi:noNamespaceSchemaLocation="https://maven.apache.org/surefire/maven-surefire-plugin/xsd/surefire-test-report.xsd" name="TestSuite" time="72.892" tests="2" errors="0" skipped="0" failures="0">
  <properties>
[...]
</properties>
  <testcase name="GoToUrlPositiveEnterEmailNegativeEnterPassword2" classname="tests.FullScenario_DefaultProfile" time="12.667"/>
  <testcase name="GoToUrlPositiveEnterEmailPositiveEnterPasswordClickLoginGoToUrlClickSamsungSeries9NP900X4CPrem1" classname="tests.FullScenario_DefaultProfile" time="39.941"/>
</testsuite>